<?xml version="1.0" encoding="UTF-8"?>
<!-- Generated by org.testng.reporters.JUnitXMLReporter -->
<testsuite ignored="0" hostname="Sanjaypc" failures="2" tests="2" name="Testcase3" time="97.721" errors="0" timestamp="2025-04-24T20:47:48 IST">
  <testcase classname="testcases.Multipleproductselection" name="multipleproducts" time="41.381">
    <failure type="org.openqa.selenium.ElementNotInteractableException" message="element not interactable
  (Session info: chrome=135.0.7049.114)
Build info: version: &amp;apos;4.27.0&amp;apos;, revision: &amp;apos;d6e718d134&amp;apos;
System info: os.name: &amp;apos;Windows 11&amp;apos;, os.arch: &amp;apos;amd64&amp;apos;, os.version: &amp;apos;10.0&amp;apos;, java.version: &amp;apos;18.0.1&amp;apos;
Driver info: org.openqa.selenium.chrome.ChromeDriver
Command: [e1c66db78b9871590cc5b3d1f1f880e6, clickElement {id=f.2948119478EBAAB3E4461A23CEFE08DC.d.6A29AD3B856BEB2E9980A2973E35B1DE.e.18}]
Capabilities {acceptInsecureCerts: false, browserName: chrome, browserVersion: 135.0.7049.114, chrome: {chromedriverVersion: 135.0.7049.114 (63fd8a7d9d0..., userDataDir: C:\Users\SANJAY~1\AppData\L...}, fedcm:accounts: true, goog:chromeOptions: {debuggerAddress: localhost:56866}, networkConnectionEnabled: false, pageLoadStrategy: normal, platformName: windows, proxy: Proxy(), se:cdp: ws://localhost:56866/devtoo..., se:cdpVersion: 135.0.7049.114, setWindowRect: true, strictFileInteractability: false, timeouts: {implicit: 0, pageLoad: 300000, script: 30000}, unhandledPromptBehavior: dismiss and notify, webauthn:extension:credBlob: true, webauthn:extension:largeBlob: true, webauthn:extension:minPinLength: true, webauthn:extension:prf: true, webauthn:virtualAuthenticators: true}
Element: [[ChromeDriver: chrome on windows (e1c66db78b9871590cc5b3d1f1f880e6)] -&amp;gt; xpath: //a[@href=&amp;apos;/men-tshirts&amp;apos;]]
Session ID: e1c66db78b9871590cc5b3d1f1f880e6">
      <![CDATA[org.openqa.selenium.ElementNotInteractableException: element not interactable
  (Session info: chrome=135.0.7049.114)
Build info: version: '4.27.0', revision: 'd6e718d134'
System info: os.name: 'Windows 11', os.arch: 'amd64', os.version: '10.0', java.version: '18.0.1'
Driver info: org.openqa.selenium.chrome.ChromeDriver
Command: [e1c66db78b9871590cc5b3d1f1f880e6, clickElement {id=f.2948119478EBAAB3E4461A23CEFE08DC.d.6A29AD3B856BEB2E9980A2973E35B1DE.e.18}]
Capabilities {acceptInsecureCerts: false, browserName: chrome, browserVersion: 135.0.7049.114, chrome: {chromedriverVersion: 135.0.7049.114 (63fd8a7d9d0..., userDataDir: C:\Users\SANJAY~1\AppData\L...}, fedcm:accounts: true, goog:chromeOptions: {debuggerAddress: localhost:56866}, networkConnectionEnabled: false, pageLoadStrategy: normal, platformName: windows, proxy: Proxy(), se:cdp: ws://localhost:56866/devtoo..., se:cdpVersion: 135.0.7049.114, setWindowRect: true, strictFileInteractability: false, timeouts: {implicit: 0, pageLoad: 300000, script: 30000}, unhandledPromptBehavior: dismiss and notify, webauthn:extension:credBlob: true, webauthn:extension:largeBlob: true, webauthn:extension:minPinLength: true, webauthn:extension:prf: true, webauthn:virtualAuthenticators: true}
Element: [[ChromeDriver: chrome on windows (e1c66db78b9871590cc5b3d1f1f880e6)] -> xpath: //a[@href='/men-tshirts']]
Session ID: e1c66db78b9871590cc5b3d1f1f880e6
at org.openqa.selenium.remote.ErrorCodec.decode(ErrorCodec.java:167)
at org.openqa.selenium.remote.codec.w3c.W3CHttpResponseCodec.decode(W3CHttpResponseCodec.java:138)
at org.openqa.selenium.remote.codec.w3c.W3CHttpResponseCodec.decode(W3CHttpResponseCodec.java:50)
at org.openqa.selenium.remote.HttpCommandExecutor.execute(HttpCommandExecutor.java:190)
at org.openqa.selenium.remote.service.DriverCommandExecutor.invokeExecute(DriverCommandExecutor.java:216)
at org.openqa.selenium.remote.service.DriverCommandExecutor.execute(DriverCommandExecutor.java:174)
at org.openqa.selenium.remote.RemoteWebDriver.execute(RemoteWebDriver.java:545)
at org.openqa.selenium.remote.RemoteWebElement.execute(RemoteWebElement.java:223)
at org.openqa.selenium.remote.RemoteWebElement.click(RemoteWebElement.java:76)
at baseclass.BasePage.click(BasePage.java:24)
at pages.HomePage.clickTshirt(HomePage.java:26)
at TestData.Testhelper.commonordersteps(Testhelper.java:14)
at testcases.Multipleproductselection.multipleproducts(Multipleproductselection.java:18)
at java.base/java.util.ArrayList.forEach(ArrayList.java:1511)
at java.base/java.util.concurrent.FutureTask.run(FutureTask.java:264)
at java.base/java.util.concurrent.ThreadPoolExecutor.runWorker(ThreadPoolExecutor.java:1136)
at java.base/java.util.concurrent.ThreadPoolExecutor$Worker.run(ThreadPoolExecutor.java:635)
at java.base/java.lang.Thread.run(Thread.java:833)
... Removed 19 stack frames]]>
    </failure>
  </testcase> <!-- multipleproducts -->
  <testcase classname="testcases.Multipleproductselection" name="multipleproducts" time="42.376">
    <failure type="java.lang.Error" message="Unresolved compilation problem: 
	The field BaseClass.driver is not visible
">
      <![CDATA[java.lang.Error: Unresolved compilation problem: 
The field BaseClass.driver is not visible

at utilities.TestUtility.capturescreenshot(TestUtility.java:18)
at utilities.ExtentReportClass.onTestFailure(ExtentReportClass.java:47)
at java.base/java.util.ArrayList.forEach(ArrayList.java:1511)
at java.base/java.util.concurrent.FutureTask.run(FutureTask.java:264)
at java.base/java.util.concurrent.ThreadPoolExecutor.runWorker(ThreadPoolExecutor.java:1136)
at java.base/java.util.concurrent.ThreadPoolExecutor$Worker.run(ThreadPoolExecutor.java:635)
at java.base/java.lang.Thread.run(Thread.java:833)
... Removed 15 stack frames]]>
    </failure>
  </testcase> <!-- multipleproducts -->
</testsuite> <!-- Testcase3 -->
