<?xml version="1.0" encoding="UTF-8"?>
<testng-results ignored="0" total="3" passed="1" failed="2" skipped="0">
  <reporter-output>
  </reporter-output>
  <suite started-at="2025-05-02T17:47:58 IST" name="Suite" finished-at="2025-05-02T17:50:00 IST" duration-ms="122026">
    <groups>
    </groups>
    <test started-at="2025-05-02T17:47:58 IST" name="Testcasse2" finished-at="2025-05-02T17:48:57 IST" duration-ms="59526">
      <class name="testcases.Multiplequantity">
        <test-method is-config="true" signature="setup(java.lang.String)[pri:0, instance:testcases.Multiplequantity@74ea2410]" started-at="2025-05-02T17:47:58 IST" name="setup" finished-at="2025-05-02T17:48:06 IST" duration-ms="8036" status="PASS">
          <params>
            <param index="0">
              <value>
                <![CDATA[edge]]>
              </value>
            </param>
          </params>
          <reporter-output>
          </reporter-output>
        </test-method> <!-- setup -->
        <test-method signature="selectmultipleqnty()[pri:0, instance:testcases.Multiplequantity@74ea2410]" started-at="2025-05-02T17:48:06 IST" name="selectmultipleqnty" finished-at="2025-05-02T17:48:37 IST" duration-ms="31019" status="FAIL">
          <exception class="org.openqa.selenium.ElementClickInterceptedException">
            <message>
              <![CDATA[element click intercepted: Element <a class="desktop-submit" data-reactid="1040" href="/dennis-lingo-tshirts">...</a> is not clickable at point (754, 39). Other element would receive the click: <div class="izooto-optin--content">...</div>
  (Session info: MicrosoftEdge=135.0.3179.98)
Build info: version: '4.27.0', revision: 'd6e718d134'
System info: os.name: 'Windows 11', os.arch: 'amd64', os.version: '10.0', java.version: '18.0.1'
Driver info: org.openqa.selenium.edge.EdgeDriver
Command: [d3a70f7abe652293c7b5d8b9f68495f8, clickElement {id=f.739185A37AD3E385FAD9086444FA308E.d.7AA4741C1168AFF47D4B7FFB434DC6B6.e.124}]
Capabilities {acceptInsecureCerts: false, browserName: MicrosoftEdge, browserVersion: 135.0.3179.98, fedcm:accounts: true, ms:edgeOptions: {debuggerAddress: localhost:58817}, msedge: {msedgedriverVersion: 135.0.3179.98 (4215a10badb6..., userDataDir: C:\Users\SANJAY~1\AppData\L...}, networkConnectionEnabled: false, pageLoadStrategy: normal, platformName: windows, proxy: Proxy(), se:cdp: ws://localhost:58817/devtoo..., se:cdpVersion: 135.0.3179.98, setWindowRect: true, strictFileInteractability: false, timeouts: {implicit: 0, pageLoad: 300000, script: 30000}, unhandledPromptBehavior: dismiss and notify, webauthn:extension:credBlob: true, webauthn:extension:largeBlob: true, webauthn:extension:minPinLength: true, webauthn:extension:prf: true, webauthn:virtualAuthenticators: true}
Element: [[EdgeDriver: MicrosoftEdge on windows (d3a70f7abe652293c7b5d8b9f68495f8)] -> xpath: //a[@class='desktop-submit']]
Session ID: d3a70f7abe652293c7b5d8b9f68495f8]]>
            </message>
            <full-stacktrace>
              <![CDATA[org.openqa.selenium.ElementClickInterceptedException: element click intercepted: Element <a class="desktop-submit" data-reactid="1040" href="/dennis-lingo-tshirts">...</a> is not clickable at point (754, 39). Other element would receive the click: <div class="izooto-optin--content">...</div>
  (Session info: MicrosoftEdge=135.0.3179.98)
Build info: version: '4.27.0', revision: 'd6e718d134'
System info: os.name: 'Windows 11', os.arch: 'amd64', os.version: '10.0', java.version: '18.0.1'
Driver info: org.openqa.selenium.edge.EdgeDriver
Command: [d3a70f7abe652293c7b5d8b9f68495f8, clickElement {id=f.739185A37AD3E385FAD9086444FA308E.d.7AA4741C1168AFF47D4B7FFB434DC6B6.e.124}]
Capabilities {acceptInsecureCerts: false, browserName: MicrosoftEdge, browserVersion: 135.0.3179.98, fedcm:accounts: true, ms:edgeOptions: {debuggerAddress: localhost:58817}, msedge: {msedgedriverVersion: 135.0.3179.98 (4215a10badb6..., userDataDir: C:\Users\SANJAY~1\AppData\L...}, networkConnectionEnabled: false, pageLoadStrategy: normal, platformName: windows, proxy: Proxy(), se:cdp: ws://localhost:58817/devtoo..., se:cdpVersion: 135.0.3179.98, setWindowRect: true, strictFileInteractability: false, timeouts: {implicit: 0, pageLoad: 300000, script: 30000}, unhandledPromptBehavior: dismiss and notify, webauthn:extension:credBlob: true, webauthn:extension:largeBlob: true, webauthn:extension:minPinLength: true, webauthn:extension:prf: true, webauthn:virtualAuthenticators: true}
Element: [[EdgeDriver: MicrosoftEdge on windows (d3a70f7abe652293c7b5d8b9f68495f8)] -> xpath: //a[@class='desktop-submit']]
Session ID: d3a70f7abe652293c7b5d8b9f68495f8
at java.base/jdk.internal.reflect.DirectConstructorHandleAccessor.newInstance(DirectConstructorHandleAccessor.java:67)
at java.base/java.lang.reflect.Constructor.newInstanceWithCaller(Constructor.java:499)
at java.base/java.lang.reflect.Constructor.newInstance(Constructor.java:483)
at org.openqa.selenium.remote.ErrorCodec.decode(ErrorCodec.java:167)
at org.openqa.selenium.remote.codec.w3c.W3CHttpResponseCodec.decode(W3CHttpResponseCodec.java:138)
at org.openqa.selenium.remote.codec.w3c.W3CHttpResponseCodec.decode(W3CHttpResponseCodec.java:50)
at org.openqa.selenium.remote.HttpCommandExecutor.execute(HttpCommandExecutor.java:190)
at org.openqa.selenium.remote.service.DriverCommandExecutor.invokeExecute(DriverCommandExecutor.java:216)
at org.openqa.selenium.remote.service.DriverCommandExecutor.execute(DriverCommandExecutor.java:174)
at org.openqa.selenium.remote.RemoteWebDriver.execute(RemoteWebDriver.java:545)
at org.openqa.selenium.remote.RemoteWebElement.execute(RemoteWebElement.java:223)
at org.openqa.selenium.remote.RemoteWebElement.click(RemoteWebElement.java:76)
at baseclass.BasePage.click(BasePage.java:24)
at pages.HomePage.clickonsearch(HomePage.java:33)
at TestData.Testhelper.commonordersteps(Testhelper.java:16)
at testcases.Multiplequantity.selectmultipleqnty(Multiplequantity.java:18)
at java.base/jdk.internal.reflect.DirectMethodHandleAccessor.invoke(DirectMethodHandleAccessor.java:104)
at java.base/java.lang.reflect.Method.invoke(Method.java:577)
at org.testng.internal.invokers.MethodInvocationHelper.invokeMethod(MethodInvocationHelper.java:141)
at org.testng.internal.invokers.TestInvoker.invokeMethod(TestInvoker.java:686)
at org.testng.internal.invokers.TestInvoker.invokeTestMethod(TestInvoker.java:230)
at org.testng.internal.invokers.MethodRunner.runInSequence(MethodRunner.java:63)
at org.testng.internal.invokers.TestInvoker$MethodInvocationAgent.invoke(TestInvoker.java:992)
at org.testng.internal.invokers.TestInvoker.invokeTestMethods(TestInvoker.java:203)
at org.testng.internal.invokers.TestMethodWorker.invokeTestMethods(TestMethodWorker.java:154)
at org.testng.internal.invokers.TestMethodWorker.run(TestMethodWorker.java:134)
at java.base/java.util.ArrayList.forEach(ArrayList.java:1511)
at org.testng.TestRunner.privateRun(TestRunner.java:739)
at org.testng.TestRunner.run(TestRunner.java:614)
at org.testng.SuiteRunner.runTest(SuiteRunner.java:421)
at org.testng.SuiteRunner$SuiteWorker.run(SuiteRunner.java:463)
at org.testng.internal.thread.ThreadUtil.lambda$execute$0(ThreadUtil.java:64)
at java.base/java.util.concurrent.FutureTask.run(FutureTask.java:264)
at java.base/java.util.concurrent.ThreadPoolExecutor.runWorker(ThreadPoolExecutor.java:1136)
at java.base/java.util.concurrent.ThreadPoolExecutor$Worker.run(ThreadPoolExecutor.java:635)
at java.base/java.lang.Thread.run(Thread.java:833)
]]>
            </full-stacktrace>
          </exception> <!-- org.openqa.selenium.ElementClickInterceptedException -->
          <reporter-output>
          </reporter-output>
        </test-method> <!-- selectmultipleqnty -->
        <test-method is-config="true" signature="teardown()[pri:0, instance:testcases.Multiplequantity@74ea2410]" started-at="2025-05-02T17:48:40 IST" name="teardown" finished-at="2025-05-02T17:48:57 IST" duration-ms="17135" status="PASS">
          <reporter-output>
          </reporter-output>
        </test-method> <!-- teardown -->
      </class> <!-- testcases.Multiplequantity -->
    </test> <!-- Testcasse2 -->
    <test started-at="2025-05-02T17:47:58 IST" name="Testcase3" finished-at="2025-05-02T17:49:27 IST" duration-ms="89384">
      <class name="testcases.Multipleproductselection">
        <test-method is-config="true" signature="setup(java.lang.String)[pri:0, instance:testcases.Multipleproductselection@2af004b]" started-at="2025-05-02T17:47:58 IST" name="setup" finished-at="2025-05-02T17:48:28 IST" duration-ms="29407" status="PASS">
          <params>
            <param index="0">
              <value>
                <![CDATA[chrome]]>
              </value>
            </param>
          </params>
          <reporter-output>
          </reporter-output>
        </test-method> <!-- setup -->
        <test-method signature="multipleproducts()[pri:0, instance:testcases.Multipleproductselection@2af004b]" started-at="2025-05-02T17:48:28 IST" name="multipleproducts" finished-at="2025-05-02T17:49:24 IST" duration-ms="56017" status="PASS">
          <reporter-output>
          </reporter-output>
        </test-method> <!-- multipleproducts -->
        <test-method is-config="true" signature="teardown()[pri:0, instance:testcases.Multipleproductselection@2af004b]" started-at="2025-05-02T17:49:24 IST" name="teardown" finished-at="2025-05-02T17:49:27 IST" duration-ms="3483" status="PASS">
          <reporter-output>
          </reporter-output>
        </test-method> <!-- teardown -->
      </class> <!-- testcases.Multipleproductselection -->
    </test> <!-- Testcase3 -->
    <test started-at="2025-05-02T17:47:58 IST" name="Testase1" finished-at="2025-05-02T17:50:00 IST" duration-ms="122026">
      <class name="testcases.MultiplesizesSelecting">
        <test-method is-config="true" signature="setup(java.lang.String)[pri:0, instance:testcases.MultiplesizesSelecting@38cee291]" started-at="2025-05-02T17:47:58 IST" name="setup" finished-at="2025-05-02T17:49:49 IST" duration-ms="110422" status="PASS">
          <params>
            <param index="0">
              <value>
                <![CDATA[firefox]]>
              </value>
            </param>
          </params>
          <reporter-output>
          </reporter-output>
        </test-method> <!-- setup -->
        <test-method signature="selectmultiplesize()[pri:0, instance:testcases.MultiplesizesSelecting@38cee291]" started-at="2025-05-02T17:49:49 IST" name="selectmultiplesize" finished-at="2025-05-02T17:49:52 IST" duration-ms="2771" status="FAIL">
          <exception class="org.openqa.selenium.ElementNotInteractableException">
            <message>
              <![CDATA[Element <a class="desktop-categoryLink" href="/men-tshirts"> could not be scrolled into view
Build info: version: '4.27.0', revision: 'd6e718d134'
System info: os.name: 'Windows 11', os.arch: 'amd64', os.version: '10.0', java.version: '18.0.1'
Driver info: org.openqa.selenium.firefox.FirefoxDriver
Command: [5fe3ab49-ca6c-4dbf-90c4-95a300f12d61, clickElement {id=aa97df45-f7d6-45c7-a845-fb14305ad628}]
Capabilities {acceptInsecureCerts: true, browserName: firefox, browserVersion: 138.0.1, moz:accessibilityChecks: false, moz:buildID: 20250430203103, moz:debuggerAddress: 127.0.0.1:6397, moz:geckodriverVersion: 0.36.0, moz:headless: false, moz:platformVersion: 10.0, moz:processID: 1784, moz:profile: C:\Users\SANJAY~1\AppData\L..., moz:shutdownTimeout: 60000, moz:webdriverClick: true, moz:windowless: false, pageLoadStrategy: normal, platformName: windows, proxy: Proxy(), se:cdp: ws://127.0.0.1:6397/devtool..., se:cdpVersion: 85.0, setWindowRect: true, strictFileInteractability: false, timeouts: {implicit: 0, pageLoad: 300000, script: 30000}, unhandledPromptBehavior: dismiss and notify, userAgent: Mozilla/5.0 (Windows NT 10....}
Element: [[FirefoxDriver: firefox on windows (5fe3ab49-ca6c-4dbf-90c4-95a300f12d61)] -> xpath: //a[@href='/men-tshirts']]
Session ID: 5fe3ab49-ca6c-4dbf-90c4-95a300f12d61]]>
            </message>
            <full-stacktrace>
              <![CDATA[org.openqa.selenium.ElementNotInteractableException: Element <a class="desktop-categoryLink" href="/men-tshirts"> could not be scrolled into view
Build info: version: '4.27.0', revision: 'd6e718d134'
System info: os.name: 'Windows 11', os.arch: 'amd64', os.version: '10.0', java.version: '18.0.1'
Driver info: org.openqa.selenium.firefox.FirefoxDriver
Command: [5fe3ab49-ca6c-4dbf-90c4-95a300f12d61, clickElement {id=aa97df45-f7d6-45c7-a845-fb14305ad628}]
Capabilities {acceptInsecureCerts: true, browserName: firefox, browserVersion: 138.0.1, moz:accessibilityChecks: false, moz:buildID: 20250430203103, moz:debuggerAddress: 127.0.0.1:6397, moz:geckodriverVersion: 0.36.0, moz:headless: false, moz:platformVersion: 10.0, moz:processID: 1784, moz:profile: C:\Users\SANJAY~1\AppData\L..., moz:shutdownTimeout: 60000, moz:webdriverClick: true, moz:windowless: false, pageLoadStrategy: normal, platformName: windows, proxy: Proxy(), se:cdp: ws://127.0.0.1:6397/devtool..., se:cdpVersion: 85.0, setWindowRect: true, strictFileInteractability: false, timeouts: {implicit: 0, pageLoad: 300000, script: 30000}, unhandledPromptBehavior: dismiss and notify, userAgent: Mozilla/5.0 (Windows NT 10....}
Element: [[FirefoxDriver: firefox on windows (5fe3ab49-ca6c-4dbf-90c4-95a300f12d61)] -> xpath: //a[@href='/men-tshirts']]
Session ID: 5fe3ab49-ca6c-4dbf-90c4-95a300f12d61
at java.base/jdk.internal.reflect.DirectConstructorHandleAccessor.newInstance(DirectConstructorHandleAccessor.java:67)
at java.base/java.lang.reflect.Constructor.newInstanceWithCaller(Constructor.java:499)
at java.base/java.lang.reflect.Constructor.newInstance(Constructor.java:483)
at org.openqa.selenium.remote.ErrorCodec.decode(ErrorCodec.java:167)
at org.openqa.selenium.remote.codec.w3c.W3CHttpResponseCodec.decode(W3CHttpResponseCodec.java:138)
at org.openqa.selenium.remote.codec.w3c.W3CHttpResponseCodec.decode(W3CHttpResponseCodec.java:50)
at org.openqa.selenium.remote.HttpCommandExecutor.execute(HttpCommandExecutor.java:190)
at org.openqa.selenium.remote.service.DriverCommandExecutor.invokeExecute(DriverCommandExecutor.java:216)
at org.openqa.selenium.remote.service.DriverCommandExecutor.execute(DriverCommandExecutor.java:174)
at org.openqa.selenium.remote.RemoteWebDriver.execute(RemoteWebDriver.java:545)
at org.openqa.selenium.remote.RemoteWebElement.execute(RemoteWebElement.java:223)
at org.openqa.selenium.remote.RemoteWebElement.click(RemoteWebElement.java:76)
at baseclass.BasePage.click(BasePage.java:24)
at pages.HomePage.clickTshirt(HomePage.java:26)
at TestData.Testhelper.commonordersteps(Testhelper.java:14)
at testcases.MultiplesizesSelecting.selectmultiplesize(MultiplesizesSelecting.java:17)
at java.base/jdk.internal.reflect.DirectMethodHandleAccessor.invoke(DirectMethodHandleAccessor.java:104)
at java.base/java.lang.reflect.Method.invoke(Method.java:577)
at org.testng.internal.invokers.MethodInvocationHelper.invokeMethod(MethodInvocationHelper.java:141)
at org.testng.internal.invokers.TestInvoker.invokeMethod(TestInvoker.java:686)
at org.testng.internal.invokers.TestInvoker.invokeTestMethod(TestInvoker.java:230)
at org.testng.internal.invokers.MethodRunner.runInSequence(MethodRunner.java:63)
at org.testng.internal.invokers.TestInvoker$MethodInvocationAgent.invoke(TestInvoker.java:992)
at org.testng.internal.invokers.TestInvoker.invokeTestMethods(TestInvoker.java:203)
at org.testng.internal.invokers.TestMethodWorker.invokeTestMethods(TestMethodWorker.java:154)
at org.testng.internal.invokers.TestMethodWorker.run(TestMethodWorker.java:134)
at java.base/java.util.ArrayList.forEach(ArrayList.java:1511)
at org.testng.TestRunner.privateRun(TestRunner.java:739)
at org.testng.TestRunner.run(TestRunner.java:614)
at org.testng.SuiteRunner.runTest(SuiteRunner.java:421)
at org.testng.SuiteRunner$SuiteWorker.run(SuiteRunner.java:463)
at org.testng.internal.thread.ThreadUtil.lambda$execute$0(ThreadUtil.java:64)
at java.base/java.util.concurrent.FutureTask.run(FutureTask.java:264)
at java.base/java.util.concurrent.ThreadPoolExecutor.runWorker(ThreadPoolExecutor.java:1136)
at java.base/java.util.concurrent.ThreadPoolExecutor$Worker.run(ThreadPoolExecutor.java:635)
at java.base/java.lang.Thread.run(Thread.java:833)
]]>
            </full-stacktrace>
          </exception> <!-- org.openqa.selenium.ElementNotInteractableException -->
          <reporter-output>
          </reporter-output>
        </test-method> <!-- selectmultiplesize -->
        <test-method is-config="true" signature="teardown()[pri:0, instance:testcases.MultiplesizesSelecting@38cee291]" started-at="2025-05-02T17:49:54 IST" name="teardown" finished-at="2025-05-02T17:50:00 IST" duration-ms="6067" status="PASS">
          <reporter-output>
          </reporter-output>
        </test-method> <!-- teardown -->
      </class> <!-- testcases.MultiplesizesSelecting -->
    </test> <!-- Testase1 -->
  </suite> <!-- Suite -->
</testng-results>
